<?xml version="1.0" encoding="UTF-8"?>
<!-- Generated by org.testng.reporters.JUnitXMLReporter -->
<testsuite ignored="0" hostname="DESKTOP-RD86NMQ" failures="0" tests="3" name="Default test" time="19.4" errors="0" timestamp="27 Jan 2021 07:57:33 GMT">
  <testcase classname="com.bardab.ddt.LoginTestWithXLSX" name="testSuccessfulLogins" time="9.583"/>
  <testcase classname="com.bardab.ddt.LoginTestWithXLSX" name="testSuccessfulLogins" time="4.794"/>
  <testcase classname="com.bardab.ddt.LoginTestWithXLSX" name="testSuccessfulLogins" time="4.286"/>
</testsuite> <!-- Default test -->
