<?xml version="1.0" encoding="UTF-8"?>
<testng-results ignored="0" total="1" passed="1" failed="0" skipped="0">
  <reporter-output>
  </reporter-output>
  <suite started-at="2021-01-28T08:59:21Z" name="Default suite" finished-at="2021-01-28T08:59:37Z" duration-ms="15589">
    <groups>
    </groups>
    <test started-at="2021-01-28T08:59:21Z" name="Default test" finished-at="2021-01-28T08:59:37Z" duration-ms="15589">
      <class name="com.bardab.pom.UpdateToDoTest">
        <test-method signature="updateToDo()[pri:0, instance:com.bardab.pom.UpdateToDoTest@35aea049]" started-at="2021-01-28T09:59:21Z" name="updateToDo" finished-at="2021-01-28T09:59:37Z" duration-ms="15541" status="PASS">
          <reporter-output>
          </reporter-output>
        </test-method> <!-- updateToDo -->
      </class> <!-- com.bardab.pom.UpdateToDoTest -->
    </test> <!-- Default test -->
  </suite> <!-- Default suite -->
</testng-results>
