<?xml version="1.0" encoding="UTF-8"?>
<testng-results ignored="0" total="3" passed="3" failed="0" skipped="0">
  <reporter-output>
  </reporter-output>
  <suite started-at="2021-01-27T07:57:14Z" name="Default suite" finished-at="2021-01-27T07:57:33Z" duration-ms="19400">
    <groups>
    </groups>
    <test started-at="2021-01-27T07:57:14Z" name="Default test" finished-at="2021-01-27T07:57:33Z" duration-ms="19400">
      <class name="com.bardab.ddt.LoginTestWithXLSX">
        <test-method is-config="true" signature="before()[pri:0, instance:com.bardab.ddt.LoginTestWithXLSX@6392827e]" started-at="2021-01-27T08:57:14Z" name="before" finished-at="2021-01-27T08:57:14Z" duration-ms="17" status="PASS">
          <reporter-output>
          </reporter-output>
        </test-method> <!-- before -->
        <test-method signature="testSuccessfulLogins(java.lang.String, java.lang.String, java.lang.String)[pri:0, instance:com.bardab.ddt.LoginTestWithXLSX@6392827e]" started-at="2021-01-27T08:57:15Z" name="testSuccessfulLogins" data-provider="user-ids-passwords-data-provider-csv" finished-at="2021-01-27T08:57:24Z" duration-ms="9583" status="PASS">
          <params>
            <param index="0">
              <value>
                <![CDATA[in28minutes]]>
              </value>
            </param>
            <param index="1">
              <value>
                <![CDATA[dummy]]>
              </value>
            </param>
            <param index="2">
              <value>
                <![CDATA[true]]>
              </value>
            </param>
          </params>
          <reporter-output>
          </reporter-output>
        </test-method> <!-- testSuccessfulLogins -->
        <test-method signature="testSuccessfulLogins(java.lang.String, java.lang.String, java.lang.String)[pri:0, instance:com.bardab.ddt.LoginTestWithXLSX@6392827e]" started-at="2021-01-27T08:57:24Z" name="testSuccessfulLogins" data-provider="user-ids-passwords-data-provider-csv" finished-at="2021-01-27T08:57:29Z" duration-ms="4794" status="PASS">
          <params>
            <param index="0">
              <value>
                <![CDATA[adam]]>
              </value>
            </param>
            <param index="1">
              <value>
                <![CDATA[adam]]>
              </value>
            </param>
            <param index="2">
              <value>
                <![CDATA[false]]>
              </value>
            </param>
          </params>
          <reporter-output>
          </reporter-output>
        </test-method> <!-- testSuccessfulLogins -->
        <test-method signature="testSuccessfulLogins(java.lang.String, java.lang.String, java.lang.String)[pri:0, instance:com.bardab.ddt.LoginTestWithXLSX@6392827e]" started-at="2021-01-27T08:57:29Z" name="testSuccessfulLogins" data-provider="user-ids-passwords-data-provider-csv" finished-at="2021-01-27T08:57:33Z" duration-ms="4286" status="PASS">
          <params>
            <param index="0">
              <value>
                <![CDATA[eve]]>
              </value>
            </param>
            <param index="1">
              <value>
                <![CDATA[eve]]>
              </value>
            </param>
            <param index="2">
              <value>
                <![CDATA[false]]>
              </value>
            </param>
          </params>
          <reporter-output>
          </reporter-output>
        </test-method> <!-- testSuccessfulLogins -->
      </class> <!-- com.bardab.ddt.LoginTestWithXLSX -->
    </test> <!-- Default test -->
  </suite> <!-- Default suite -->
</testng-results>
